build/app/intermediates/manifest_merge_blame_file/release/manifest-merger-blame-release-report.txt
1<?xml version="1.0" encoding="utf-8"?>
2<manifest xmlns:android="http://schemas.android.com/apk/res/android"
3    package="com.flutterflow.sniffsocial"
4    android:versionCode="1"
5    android:versionName="1.0.0" >
6
7    <uses-sdk
8        android:minSdkVersion="21"
8-->src\main\AndroidManifest.xml
9        android:targetSdkVersion="34" />
9-->src\main\AndroidManifest.xml
10
11    <uses-permission android:name="android.permission.INTERNET" />
11-->src\main\AndroidManifest.xml:4:5-66
11-->src\main\AndroidManifest.xml:4:22-64
12    <uses-permission android:name="android.permission.CAMERA" />
12-->src\main\AndroidManifest.xml:5:5-64
12-->src\main\AndroidManifest.xml:5:22-62
13    <uses-permission android:name="android.permission.RECORD_AUDIO" />
13-->src\main\AndroidManifest.xml:6:5-71
13-->src\main\AndroidManifest.xml:6:22-68
14    <uses-permission
14-->src\main\AndroidManifest.xml:8:5-80
15        android:name="android.permission.READ_EXTERNAL_STORAGE"
15-->src\main\AndroidManifest.xml:8:22-77
16        android:maxSdkVersion="32" />
16-->[:file_picker] AndroidManifest.xml:11:9-35
17    <uses-permission android:name="android.permission.WRITE_EXTERNAL_STORAGE" />
17-->src\main\AndroidManifest.xml:9:5-81
17-->src\main\AndroidManifest.xml:9:22-78
18
19    <queries>
19-->[:file_picker] AndroidManifest.xml:13:5-19:15
20        <intent>
20-->[:file_picker] AndroidManifest.xml:14:9-18:18
21            <action android:name="android.intent.action.GET_CONTENT" />
21-->[:file_picker] AndroidManifest.xml:15:13-72
21-->[:file_picker] AndroidManifest.xml:15:21-69
22
23            <data android:mimeType="*/*" />
23-->src\main\AndroidManifest.xml:52:17-85
24        </intent>
25    </queries>
26
27    <uses-permission android:name="android.permission.ACCESS_NETWORK_STATE" />
27-->[com.google.firebase:firebase-auth:22.3.1] AndroidManifest.xml:26:5-79
27-->[com.google.firebase:firebase-auth:22.3.1] AndroidManifest.xml:26:22-76
28    <uses-permission android:name="com.google.android.providers.gsf.permission.READ_GSERVICES" />
28-->[com.google.android.recaptcha:recaptcha:18.4.0] AndroidManifest.xml:9:5-98
28-->[com.google.android.recaptcha:recaptcha:18.4.0] AndroidManifest.xml:9:22-95
29
30    <permission
30-->[androidx.core:core:1.10.1] AndroidManifest.xml:22:5-24:47
31        android:name="com.flutterflow.sniffsocial.DYNAMIC_RECEIVER_NOT_EXPORTED_PERMISSION"
31-->[androidx.core:core:1.10.1] AndroidManifest.xml:23:9-81
32        android:protectionLevel="signature" />
32-->[androidx.core:core:1.10.1] AndroidManifest.xml:24:9-44
33
34    <uses-permission android:name="com.flutterflow.sniffsocial.DYNAMIC_RECEIVER_NOT_EXPORTED_PERMISSION" />
34-->[androidx.core:core:1.10.1] AndroidManifest.xml:26:5-97
34-->[androidx.core:core:1.10.1] AndroidManifest.xml:26:22-94
35
36    <application
36-->src\main\AndroidManifest.xml:11:5-65:19
37        android:appComponentFactory="androidx.core.app.CoreComponentFactory"
37-->[androidx.core:core:1.10.1] AndroidManifest.xml:28:18-86
38        android:icon="@mipmap/ic_launcher"
38-->src\main\AndroidManifest.xml:14:9-43
39        android:label="socialmedia"
39-->src\main\AndroidManifest.xml:12:9-36
40        android:requestLegacyExternalStorage="true" >
40-->src\main\AndroidManifest.xml:15:9-52
41        <activity
41-->src\main\AndroidManifest.xml:17:9-55:20
42            android:name="com.flutterflow.sniffsocial.MainActivity"
42-->src\main\AndroidManifest.xml:18:13-41
43            android:configChanges="orientation|keyboardHidden|keyboard|screenSize|smallestScreenSize|locale|layoutDirection|fontScale|screenLayout|density|uiMode"
43-->src\main\AndroidManifest.xml:22:13-163
44            android:exported="true"
44-->src\main\AndroidManifest.xml:19:13-36
45            android:hardwareAccelerated="true"
45-->src\main\AndroidManifest.xml:23:13-47
46            android:launchMode="singleTop"
46-->src\main\AndroidManifest.xml:20:13-43
47            android:theme="@style/LaunchTheme"
47-->src\main\AndroidManifest.xml:21:13-47
48            android:windowSoftInputMode="adjustResize" >
48-->src\main\AndroidManifest.xml:24:13-55
49
50            <!--
51                 Specifies an Android theme to apply to this Activity as soon as
52                 the Android process has started. This theme is visible to the user
53                 while the Flutter UI initializes. After that, this theme continues
54                 to determine the Window background behind the Flutter UI.
55            -->
56            <meta-data
56-->src\main\AndroidManifest.xml:29:13-32:17
57                android:name="io.flutter.embedding.android.NormalTheme"
57-->src\main\AndroidManifest.xml:30:15-70
58                android:resource="@style/NormalTheme" />
58-->src\main\AndroidManifest.xml:31:15-52
59            <!--
60                 Displays an Android View that continues showing the launch screen
61                 Drawable until Flutter paints its first frame, then this splash
62                 screen fades out. A splash screen is useful to avoid any visual
63                 gap between the end of Android's launch screen and the painting of
64                 Flutter's first frame.
65            -->
66            <meta-data
66-->src\main\AndroidManifest.xml:38:13-41:17
67                android:name="io.flutter.embedding.android.SplashScreenDrawable"
67-->src\main\AndroidManifest.xml:39:15-79
68                android:resource="@drawable/launch_background" />
68-->src\main\AndroidManifest.xml:40:15-61
69
70            <intent-filter>
70-->src\main\AndroidManifest.xml:42:13-45:29
71                <action android:name="android.intent.action.MAIN" />
71-->src\main\AndroidManifest.xml:43:17-68
71-->src\main\AndroidManifest.xml:43:25-66
72
73                <category android:name="android.intent.category.LAUNCHER" />
73-->src\main\AndroidManifest.xml:44:17-76
73-->src\main\AndroidManifest.xml:44:27-74
74            </intent-filter>
75            <!-- Deep linking -->
76            <meta-data
76-->src\main\AndroidManifest.xml:47:13-90
77                android:name="flutter_deeplinking_enabled"
77-->src\main\AndroidManifest.xml:47:24-66
78                android:value="true" />
78-->src\main\AndroidManifest.xml:47:67-87
79
80            <intent-filter android:autoVerify="true" >
80-->src\main\AndroidManifest.xml:48:13-53:29
80-->src\main\AndroidManifest.xml:48:28-53
81                <action android:name="android.intent.action.VIEW" />
81-->src\main\AndroidManifest.xml:49:17-69
81-->src\main\AndroidManifest.xml:49:25-66
82
83                <category android:name="android.intent.category.DEFAULT" />
83-->src\main\AndroidManifest.xml:50:17-76
83-->src\main\AndroidManifest.xml:50:27-73
84                <category android:name="android.intent.category.BROWSABLE" />
84-->src\main\AndroidManifest.xml:51:17-78
84-->src\main\AndroidManifest.xml:51:27-75
85
86                <data
86-->src\main\AndroidManifest.xml:52:17-85
87                    android:host="socialmedia.com"
87-->src\main\AndroidManifest.xml:52:52-82
88                    android:scheme="socialmedia" />
88-->src\main\AndroidManifest.xml:52:23-51
89            </intent-filter>
90        </activity>
91
92        <!--
93             Don't delete the meta-data below.
94             This is used by the Flutter tool to generate GeneratedPluginRegistrant.java
95        -->
96        <meta-data
96-->src\main\AndroidManifest.xml:59:9-61:33
97            android:name="flutterEmbedding"
97-->src\main\AndroidManifest.xml:60:13-44
98            android:value="2" />
98-->src\main\AndroidManifest.xml:61:13-30
99
100        <service
100-->[:firebase_performance] AndroidManifest.xml:12:9-16:19
101            android:name="com.google.firebase.components.ComponentDiscoveryService"
101-->[:firebase_performance] AndroidManifest.xml:12:18-89
102            android:directBootAware="true"
102-->[com.google.firebase:firebase-common:20.4.2] AndroidManifest.xml:32:13-43
103            android:exported="false" >
103-->[com.google.firebase:firebase-perf:20.5.1] AndroidManifest.xml:13:13-37
104            <meta-data
104-->[:firebase_performance] AndroidManifest.xml:13:13-15:85
105                android:name="com.google.firebase.components:io.flutter.plugins.firebase.performance.FlutterFirebaseAppRegistrar"
105-->[:firebase_performance] AndroidManifest.xml:14:17-130
106                android:value="com.google.firebase.components.ComponentRegistrar" />
106-->[:firebase_performance] AndroidManifest.xml:15:17-82
107            <meta-data
107-->[:cloud_firestore] AndroidManifest.xml:11:13-13:85
108                android:name="com.google.firebase.components:io.flutter.plugins.firebase.firestore.FlutterFirebaseFirestoreRegistrar"
108-->[:cloud_firestore] AndroidManifest.xml:12:17-134
109                android:value="com.google.firebase.components.ComponentRegistrar" />
109-->[:cloud_firestore] AndroidManifest.xml:13:17-82
110            <meta-data
110-->[:firebase_auth] AndroidManifest.xml:11:13-13:85
111                android:name="com.google.firebase.components:io.flutter.plugins.firebase.auth.FlutterFirebaseAuthRegistrar"
111-->[:firebase_auth] AndroidManifest.xml:12:17-124
112                android:value="com.google.firebase.components.ComponentRegistrar" />
112-->[:firebase_auth] AndroidManifest.xml:13:17-82
113            <meta-data
113-->[:firebase_storage] AndroidManifest.xml:11:13-13:85
114                android:name="com.google.firebase.components:io.flutter.plugins.firebase.storage.FlutterFirebaseAppRegistrar"
114-->[:firebase_storage] AndroidManifest.xml:12:17-126
115                android:value="com.google.firebase.components.ComponentRegistrar" />
115-->[:firebase_storage] AndroidManifest.xml:13:17-82
116            <meta-data
116-->[:firebase_core] AndroidManifest.xml:11:13-13:85
117                android:name="com.google.firebase.components:io.flutter.plugins.firebase.core.FlutterFirebaseCoreRegistrar"
117-->[:firebase_core] AndroidManifest.xml:12:17-124
118                android:value="com.google.firebase.components.ComponentRegistrar" />
118-->[:firebase_core] AndroidManifest.xml:13:17-82
119            <meta-data
119-->[com.google.firebase:firebase-perf:20.5.1] AndroidManifest.xml:14:13-16:85
120                android:name="com.google.firebase.components:com.google.firebase.perf.FirebasePerfKtxRegistrar"
120-->[com.google.firebase:firebase-perf:20.5.1] AndroidManifest.xml:15:17-112
121                android:value="com.google.firebase.components.ComponentRegistrar" />
121-->[com.google.firebase:firebase-perf:20.5.1] AndroidManifest.xml:16:17-82
122            <meta-data
122-->[com.google.firebase:firebase-perf:20.5.1] AndroidManifest.xml:17:13-19:85
123                android:name="com.google.firebase.components:com.google.firebase.perf.FirebasePerfRegistrar"
123-->[com.google.firebase:firebase-perf:20.5.1] AndroidManifest.xml:18:17-109
124                android:value="com.google.firebase.components.ComponentRegistrar" />
124-->[com.google.firebase:firebase-perf:20.5.1] AndroidManifest.xml:19:17-82
125            <meta-data
125-->[com.google.firebase:firebase-sessions:1.2.0] AndroidManifest.xml:29:13-31:85
126                android:name="com.google.firebase.components:com.google.firebase.sessions.FirebaseSessionsRegistrar"
126-->[com.google.firebase:firebase-sessions:1.2.0] AndroidManifest.xml:30:17-117
127                android:value="com.google.firebase.components.ComponentRegistrar" />
127-->[com.google.firebase:firebase-sessions:1.2.0] AndroidManifest.xml:31:17-82
128            <meta-data
128-->[com.google.firebase:firebase-auth:22.3.1] AndroidManifest.xml:69:13-71:85
129                android:name="com.google.firebase.components:com.google.firebase.auth.FirebaseAuthRegistrar"
129-->[com.google.firebase:firebase-auth:22.3.1] AndroidManifest.xml:70:17-109
130                android:value="com.google.firebase.components.ComponentRegistrar" />
130-->[com.google.firebase:firebase-auth:22.3.1] AndroidManifest.xml:71:17-82
131            <meta-data
131-->[com.google.firebase:firebase-firestore:24.10.1] AndroidManifest.xml:17:13-19:85
132                android:name="com.google.firebase.components:com.google.firebase.firestore.FirebaseFirestoreKtxRegistrar"
132-->[com.google.firebase:firebase-firestore:24.10.1] AndroidManifest.xml:18:17-122
133                android:value="com.google.firebase.components.ComponentRegistrar" />
133-->[com.google.firebase:firebase-firestore:24.10.1] AndroidManifest.xml:19:17-82
134            <meta-data
134-->[com.google.firebase:firebase-firestore:24.10.1] AndroidManifest.xml:20:13-22:85
135                android:name="com.google.firebase.components:com.google.firebase.firestore.FirestoreRegistrar"
135-->[com.google.firebase:firebase-firestore:24.10.1] AndroidManifest.xml:21:17-111
136                android:value="com.google.firebase.components.ComponentRegistrar" />
136-->[com.google.firebase:firebase-firestore:24.10.1] AndroidManifest.xml:22:17-82
137            <meta-data
137-->[com.google.firebase:firebase-storage:20.3.0] AndroidManifest.xml:30:13-32:85
138                android:name="com.google.firebase.components:com.google.firebase.storage.FirebaseStorageKtxRegistrar"
138-->[com.google.firebase:firebase-storage:20.3.0] AndroidManifest.xml:31:17-118
139                android:value="com.google.firebase.components.ComponentRegistrar" />
139-->[com.google.firebase:firebase-storage:20.3.0] AndroidManifest.xml:32:17-82
140            <meta-data
140-->[com.google.firebase:firebase-storage:20.3.0] AndroidManifest.xml:33:13-35:85
141                android:name="com.google.firebase.components:com.google.firebase.storage.StorageRegistrar"
141-->[com.google.firebase:firebase-storage:20.3.0] AndroidManifest.xml:34:17-107
142                android:value="com.google.firebase.components.ComponentRegistrar" />
142-->[com.google.firebase:firebase-storage:20.3.0] AndroidManifest.xml:35:17-82
143            <meta-data
143-->[com.google.firebase:firebase-config:21.6.0] AndroidManifest.xml:29:13-31:85
144                android:name="com.google.firebase.components:com.google.firebase.remoteconfig.FirebaseRemoteConfigKtxRegistrar"
144-->[com.google.firebase:firebase-config:21.6.0] AndroidManifest.xml:30:17-128
145                android:value="com.google.firebase.components.ComponentRegistrar" />
145-->[com.google.firebase:firebase-config:21.6.0] AndroidManifest.xml:31:17-82
146            <meta-data
146-->[com.google.firebase:firebase-config:21.6.0] AndroidManifest.xml:32:13-34:85
147                android:name="com.google.firebase.components:com.google.firebase.remoteconfig.RemoteConfigRegistrar"
147-->[com.google.firebase:firebase-config:21.6.0] AndroidManifest.xml:33:17-117
148                android:value="com.google.firebase.components.ComponentRegistrar" />
148-->[com.google.firebase:firebase-config:21.6.0] AndroidManifest.xml:34:17-82
149            <meta-data
149-->[com.google.firebase:firebase-installations:17.2.0] AndroidManifest.xml:15:13-17:85
150                android:name="com.google.firebase.components:com.google.firebase.installations.FirebaseInstallationsKtxRegistrar"
150-->[com.google.firebase:firebase-installations:17.2.0] AndroidManifest.xml:16:17-130
151                android:value="com.google.firebase.components.ComponentRegistrar" />
151-->[com.google.firebase:firebase-installations:17.2.0] AndroidManifest.xml:17:17-82
152            <meta-data
152-->[com.google.firebase:firebase-installations:17.2.0] AndroidManifest.xml:18:13-20:85
153                android:name="com.google.firebase.components:com.google.firebase.installations.FirebaseInstallationsRegistrar"
153-->[com.google.firebase:firebase-installations:17.2.0] AndroidManifest.xml:19:17-127
154                android:value="com.google.firebase.components.ComponentRegistrar" />
154-->[com.google.firebase:firebase-installations:17.2.0] AndroidManifest.xml:20:17-82
155            <meta-data
155-->[com.google.firebase:firebase-appcheck:17.1.1] AndroidManifest.xml:25:13-27:85
156                android:name="com.google.firebase.components:com.google.firebase.appcheck.FirebaseAppCheckKtxRegistrar"
156-->[com.google.firebase:firebase-appcheck:17.1.1] AndroidManifest.xml:26:17-120
157                android:value="com.google.firebase.components.ComponentRegistrar" />
157-->[com.google.firebase:firebase-appcheck:17.1.1] AndroidManifest.xml:27:17-82
158            <meta-data
158-->[com.google.firebase:firebase-appcheck:17.1.1] AndroidManifest.xml:28:13-30:85
159                android:name="com.google.firebase.components:com.google.firebase.appcheck.FirebaseAppCheckRegistrar"
159-->[com.google.firebase:firebase-appcheck:17.1.1] AndroidManifest.xml:29:17-117
160                android:value="com.google.firebase.components.ComponentRegistrar" />
160-->[com.google.firebase:firebase-appcheck:17.1.1] AndroidManifest.xml:30:17-82
161            <meta-data
161-->[com.google.firebase:firebase-common-ktx:20.4.2] AndroidManifest.xml:12:13-14:85
162                android:name="com.google.firebase.components:com.google.firebase.ktx.FirebaseCommonLegacyRegistrar"
162-->[com.google.firebase:firebase-common-ktx:20.4.2] AndroidManifest.xml:13:17-116
163                android:value="com.google.firebase.components.ComponentRegistrar" />
163-->[com.google.firebase:firebase-common-ktx:20.4.2] AndroidManifest.xml:14:17-82
164            <meta-data
164-->[com.google.firebase:firebase-datatransport:18.1.8] AndroidManifest.xml:27:13-29:85
165                android:name="com.google.firebase.components:com.google.firebase.datatransport.TransportRegistrar"
165-->[com.google.firebase:firebase-datatransport:18.1.8] AndroidManifest.xml:28:17-115
166                android:value="com.google.firebase.components.ComponentRegistrar" />
166-->[com.google.firebase:firebase-datatransport:18.1.8] AndroidManifest.xml:29:17-82
167            <meta-data
167-->[com.google.firebase:firebase-common:20.4.2] AndroidManifest.xml:35:13-37:85
168                android:name="com.google.firebase.components:com.google.firebase.FirebaseCommonKtxRegistrar"
168-->[com.google.firebase:firebase-common:20.4.2] AndroidManifest.xml:36:17-109
169                android:value="com.google.firebase.components.ComponentRegistrar" />
169-->[com.google.firebase:firebase-common:20.4.2] AndroidManifest.xml:37:17-82
170            <meta-data
170-->[com.google.firebase:firebase-abt:21.1.1] AndroidManifest.xml:12:13-14:85
171                android:name="com.google.firebase.components:com.google.firebase.abt.component.AbtRegistrar"
171-->[com.google.firebase:firebase-abt:21.1.1] AndroidManifest.xml:13:17-109
172                android:value="com.google.firebase.components.ComponentRegistrar" />
172-->[com.google.firebase:firebase-abt:21.1.1] AndroidManifest.xml:14:17-82
173        </service>
174
175        <provider
175-->[:image_picker_android] AndroidManifest.xml:10:9-18:20
176            android:name="io.flutter.plugins.imagepicker.ImagePickerFileProvider"
176-->[:image_picker_android] AndroidManifest.xml:11:13-82
177            android:authorities="com.flutterflow.sniffsocial.flutter.image_provider"
177-->[:image_picker_android] AndroidManifest.xml:12:13-74
178            android:exported="false"
178-->[:image_picker_android] AndroidManifest.xml:13:13-37
179            android:grantUriPermissions="true" >
179-->[:image_picker_android] AndroidManifest.xml:14:13-47
180            <meta-data
180-->[:image_picker_android] AndroidManifest.xml:15:13-17:75
181                android:name="android.support.FILE_PROVIDER_PATHS"
181-->[:image_picker_android] AndroidManifest.xml:16:17-67
182                android:resource="@xml/flutter_image_picker_file_paths" />
182-->[:image_picker_android] AndroidManifest.xml:17:17-72
183        </provider>
184
185        <activity
185-->[:url_launcher_android] AndroidManifest.xml:10:9-13:74
186            android:name="io.flutter.plugins.urllauncher.WebViewActivity"
186-->[:url_launcher_android] AndroidManifest.xml:11:13-74
187            android:exported="false"
187-->[:url_launcher_android] AndroidManifest.xml:12:13-37
188            android:theme="@android:style/Theme.NoTitleBar.Fullscreen" />
188-->[:url_launcher_android] AndroidManifest.xml:13:13-71
189
190        <service
190-->[com.google.firebase:firebase-sessions:1.2.0] AndroidManifest.xml:22:9-25:40
191            android:name="com.google.firebase.sessions.SessionLifecycleService"
191-->[com.google.firebase:firebase-sessions:1.2.0] AndroidManifest.xml:23:13-80
192            android:enabled="true"
192-->[com.google.firebase:firebase-sessions:1.2.0] AndroidManifest.xml:24:13-35
193            android:exported="false" />
193-->[com.google.firebase:firebase-sessions:1.2.0] AndroidManifest.xml:25:13-37
194
195        <activity
195-->[com.google.firebase:firebase-auth:22.3.1] AndroidManifest.xml:29:9-46:20
196            android:name="com.google.firebase.auth.internal.GenericIdpActivity"
196-->[com.google.firebase:firebase-auth:22.3.1] AndroidManifest.xml:30:13-80
197            android:excludeFromRecents="true"
197-->[com.google.firebase:firebase-auth:22.3.1] AndroidManifest.xml:31:13-46
198            android:exported="true"
198-->[com.google.firebase:firebase-auth:22.3.1] AndroidManifest.xml:32:13-36
199            android:launchMode="singleTask"
199-->[com.google.firebase:firebase-auth:22.3.1] AndroidManifest.xml:33:13-44
200            android:theme="@android:style/Theme.Translucent.NoTitleBar" >
200-->[com.google.firebase:firebase-auth:22.3.1] AndroidManifest.xml:34:13-72
201            <intent-filter>
201-->[com.google.firebase:firebase-auth:22.3.1] AndroidManifest.xml:35:13-45:29
202                <action android:name="android.intent.action.VIEW" />
202-->src\main\AndroidManifest.xml:49:17-69
202-->src\main\AndroidManifest.xml:49:25-66
203
204                <category android:name="android.intent.category.DEFAULT" />
204-->src\main\AndroidManifest.xml:50:17-76
204-->src\main\AndroidManifest.xml:50:27-73
205                <category android:name="android.intent.category.BROWSABLE" />
205-->src\main\AndroidManifest.xml:51:17-78
205-->src\main\AndroidManifest.xml:51:27-75
206
207                <data
207-->src\main\AndroidManifest.xml:52:17-85
208                    android:host="firebase.auth"
208-->src\main\AndroidManifest.xml:52:52-82
209                    android:path="/"
210                    android:scheme="genericidp" />
210-->src\main\AndroidManifest.xml:52:23-51
211            </intent-filter>
212        </activity>
213        <activity
213-->[com.google.firebase:firebase-auth:22.3.1] AndroidManifest.xml:47:9-64:20
214            android:name="com.google.firebase.auth.internal.RecaptchaActivity"
214-->[com.google.firebase:firebase-auth:22.3.1] AndroidManifest.xml:48:13-79
215            android:excludeFromRecents="true"
215-->[com.google.firebase:firebase-auth:22.3.1] AndroidManifest.xml:49:13-46
216            android:exported="true"
216-->[com.google.firebase:firebase-auth:22.3.1] AndroidManifest.xml:50:13-36
217            android:launchMode="singleTask"
217-->[com.google.firebase:firebase-auth:22.3.1] AndroidManifest.xml:51:13-44
218            android:theme="@android:style/Theme.Translucent.NoTitleBar" >
218-->[com.google.firebase:firebase-auth:22.3.1] AndroidManifest.xml:52:13-72
219            <intent-filter>
219-->[com.google.firebase:firebase-auth:22.3.1] AndroidManifest.xml:53:13-63:29
220                <action android:name="android.intent.action.VIEW" />
220-->src\main\AndroidManifest.xml:49:17-69
220-->src\main\AndroidManifest.xml:49:25-66
221
222                <category android:name="android.intent.category.DEFAULT" />
222-->src\main\AndroidManifest.xml:50:17-76
222-->src\main\AndroidManifest.xml:50:27-73
223                <category android:name="android.intent.category.BROWSABLE" />
223-->src\main\AndroidManifest.xml:51:17-78
223-->src\main\AndroidManifest.xml:51:27-75
224
225                <data
225-->src\main\AndroidManifest.xml:52:17-85
226                    android:host="firebase.auth"
226-->src\main\AndroidManifest.xml:52:52-82
227                    android:path="/"
228                    android:scheme="recaptcha" />
228-->src\main\AndroidManifest.xml:52:23-51
229            </intent-filter>
230        </activity>
231
232        <service
232-->[com.google.android.datatransport:transport-backend-cct:3.1.9] AndroidManifest.xml:28:9-34:19
233            android:name="com.google.android.datatransport.runtime.backends.TransportBackendDiscovery"
233-->[com.google.android.datatransport:transport-backend-cct:3.1.9] AndroidManifest.xml:29:13-103
234            android:exported="false" >
234-->[com.google.android.datatransport:transport-backend-cct:3.1.9] AndroidManifest.xml:30:13-37
235            <meta-data
235-->[com.google.android.datatransport:transport-backend-cct:3.1.9] AndroidManifest.xml:31:13-33:39
236                android:name="backend:com.google.android.datatransport.cct.CctBackendFactory"
236-->[com.google.android.datatransport:transport-backend-cct:3.1.9] AndroidManifest.xml:32:17-94
237                android:value="cct" />
237-->[com.google.android.datatransport:transport-backend-cct:3.1.9] AndroidManifest.xml:33:17-36
238        </service>
239
240        <activity
240-->[com.google.android.gms:play-services-auth:20.7.0] AndroidManifest.xml:23:9-27:75
241            android:name="com.google.android.gms.auth.api.signin.internal.SignInHubActivity"
241-->[com.google.android.gms:play-services-auth:20.7.0] AndroidManifest.xml:24:13-93
242            android:excludeFromRecents="true"
242-->[com.google.android.gms:play-services-auth:20.7.0] AndroidManifest.xml:25:13-46
243            android:exported="false"
243-->[com.google.android.gms:play-services-auth:20.7.0] AndroidManifest.xml:26:13-37
244            android:theme="@android:style/Theme.Translucent.NoTitleBar" />
244-->[com.google.android.gms:play-services-auth:20.7.0] AndroidManifest.xml:27:13-72
245        <!--
246            Service handling Google Sign-In user revocation. For apps that do not integrate with
247            Google Sign-In, this service will never be started.
248        -->
249        <service
249-->[com.google.android.gms:play-services-auth:20.7.0] AndroidManifest.xml:33:9-37:51
250            android:name="com.google.android.gms.auth.api.signin.RevocationBoundService"
250-->[com.google.android.gms:play-services-auth:20.7.0] AndroidManifest.xml:34:13-89
251            android:exported="true"
251-->[com.google.android.gms:play-services-auth:20.7.0] AndroidManifest.xml:35:13-36
252            android:permission="com.google.android.gms.auth.api.signin.permission.REVOCATION_NOTIFICATION"
252-->[com.google.android.gms:play-services-auth:20.7.0] AndroidManifest.xml:36:13-107
253            android:visibleToInstantApps="true" />
253-->[com.google.android.gms:play-services-auth:20.7.0] AndroidManifest.xml:37:13-48
254
255        <activity
255-->[com.google.android.gms:play-services-base:18.0.1] AndroidManifest.xml:20:9-22:45
256            android:name="com.google.android.gms.common.api.GoogleApiActivity"
256-->[com.google.android.gms:play-services-base:18.0.1] AndroidManifest.xml:20:19-85
257            android:exported="false"
257-->[com.google.android.gms:play-services-base:18.0.1] AndroidManifest.xml:22:19-43
258            android:theme="@android:style/Theme.Translucent.NoTitleBar" />
258-->[com.google.android.gms:play-services-base:18.0.1] AndroidManifest.xml:21:19-78
259
260        <provider
260-->[com.google.firebase:firebase-common:20.4.2] AndroidManifest.xml:23:9-28:39
261            android:name="com.google.firebase.provider.FirebaseInitProvider"
261-->[com.google.firebase:firebase-common:20.4.2] AndroidManifest.xml:24:13-77
262            android:authorities="com.flutterflow.sniffsocial.firebaseinitprovider"
262-->[com.google.firebase:firebase-common:20.4.2] AndroidManifest.xml:25:13-72
263            android:directBootAware="true"
263-->[com.google.firebase:firebase-common:20.4.2] AndroidManifest.xml:26:13-43
264            android:exported="false"
264-->[com.google.firebase:firebase-common:20.4.2] AndroidManifest.xml:27:13-37
265            android:initOrder="100" />
265-->[com.google.firebase:firebase-common:20.4.2] AndroidManifest.xml:28:13-36
266
267        <meta-data
267-->[com.google.android.gms:play-services-basement:18.2.0] AndroidManifest.xml:21:9-23:69
268            android:name="com.google.android.gms.version"
268-->[com.google.android.gms:play-services-basement:18.2.0] AndroidManifest.xml:22:13-58
269            android:value="@integer/google_play_services_version" />
269-->[com.google.android.gms:play-services-basement:18.2.0] AndroidManifest.xml:23:13-66
270
271        <uses-library
271-->[androidx.window:window:1.0.0-beta04] AndroidManifest.xml:25:9-27:40
272            android:name="androidx.window.extensions"
272-->[androidx.window:window:1.0.0-beta04] AndroidManifest.xml:26:13-54
273            android:required="false" />
273-->[androidx.window:window:1.0.0-beta04] AndroidManifest.xml:27:13-37
274        <uses-library
274-->[androidx.window:window:1.0.0-beta04] AndroidManifest.xml:28:9-30:40
275            android:name="androidx.window.sidecar"
275-->[androidx.window:window:1.0.0-beta04] AndroidManifest.xml:29:13-51
276            android:required="false" />
276-->[androidx.window:window:1.0.0-beta04] AndroidManifest.xml:30:13-37
277
278        <provider
278-->[androidx.lifecycle:lifecycle-process:2.6.1] AndroidManifest.xml:24:9-32:20
279            android:name="androidx.startup.InitializationProvider"
279-->[androidx.lifecycle:lifecycle-process:2.6.1] AndroidManifest.xml:25:13-67
280            android:authorities="com.flutterflow.sniffsocial.androidx-startup"
280-->[androidx.lifecycle:lifecycle-process:2.6.1] AndroidManifest.xml:26:13-68
281            android:exported="false" >
281-->[androidx.lifecycle:lifecycle-process:2.6.1] AndroidManifest.xml:27:13-37
282            <meta-data